<?xml version="1.0" encoding="UTF-8"?>
<testsuite xmlns:xsi="http://www.w3.org/2001/XMLSchema-instance" xsi:noNamespaceSchemaLocation="https://maven.apache.org/surefire/maven-surefire-plugin/xsd/surefire-test-report.xsd" version="3.0.2" name="com.employee.management.demo.controller.EmployeeControllerTest" time="4.097" tests="2" errors="0" skipped="0" failures="0">
  <properties>
[...]
</properties>
  <testcase name="testGetEmployeeById" classname="com.employee.management.demo.controller.EmployeeControllerTest" time="0.232">
    <system-out><![CDATA[02:23:00.277 [main] INFO  o.s.t.c.s.AnnotationConfigContextLoaderUtils - Could not detect default configuration classes for test class [com.employee.management.demo.controller.EmployeeControllerTest]: EmployeeControllerTest does not declare any static, non-private, non-final, nested classes annotated with @Configuration.
02:23:00.467 [main] INFO  o.s.b.t.c.SpringBootTestContextBootstrapper - Found @SpringBootConfiguration com.employee.management.demo.DemoApplication for test class com.employee.management.demo.controller.EmployeeControllerTest
02:23:00.914 [background-preinit] INFO  o.h.validator.internal.util.Version - HV000001: Hibernate Validator 8.0.2.Final

  .   ____          _            __ _ _
 /\\ / ___'_ __ _ _(_)_ __  __ _ \ \ \ \
( ( )\___ | '_ | '_| | '_ \/ _` | \ \ \ \
 \\/  ___)| |_)| | | | | || (_| |  ) ) ) )
  '  |____| .__|_| |_|_| |_\__, | / / / /
 =========|_|==============|___/=/_/_/_/

 :: Spring Boot ::       (v3.5.0-SNAPSHOT)

02:23:01.013 [main] INFO  c.e.m.d.c.EmployeeControllerTest - Starting EmployeeControllerTest using Java 17.0.9 with PID 6462 (started by mennatallahyahia in /Users/mennatallahyahia/EmployeeManagementApi)
02:23:01.015 [main] INFO  c.e.m.d.c.EmployeeControllerTest - The following 1 profile is active: "dev"
02:23:03.605 [main] INFO  o.s.b.t.m.w.SpringBootMockServletContext - Initializing Spring TestDispatcherServlet ''
02:23:03.605 [main] INFO  o.s.t.w.s.TestDispatcherServlet - Initializing Servlet ''
02:23:03.609 [main] INFO  o.s.t.w.s.TestDispatcherServlet - Completed initialization in 3 ms
02:23:03.654 [main] INFO  c.e.m.d.c.EmployeeControllerTest - Started EmployeeControllerTest in 3.104 seconds (process running for 4.579)
]]></system-out>
  </testcase>
  <testcase name="testCreateValidEmployee" classname="com.employee.management.demo.controller.EmployeeControllerTest" time="0.121"/>
</testsuite>